0 info it worked if it ends with ok
1 verbose cli [ '/Users/adamwasilewski/.nvm/versions/node/v7.4.0/bin/node',
1 verbose cli   '/Users/adamwasilewski/.nvm/versions/node/v7.4.0/bin/npm',
1 verbose cli   'run',
1 verbose cli   'watch' ]
2 info using npm@4.0.5
3 info using node@v7.4.0
4 verbose run-script [ 'prewatch', 'watch', 'postwatch' ]
5 info lifecycle scrum@1.0.0~prewatch: scrum@1.0.0
6 silly lifecycle scrum@1.0.0~prewatch: no script for prewatch, continuing
7 info lifecycle scrum@1.0.0~watch: scrum@1.0.0
8 verbose lifecycle scrum@1.0.0~watch: unsafe-perm in lifecycle true
9 verbose lifecycle scrum@1.0.0~watch: PATH: /Users/adamwasilewski/.nvm/versions/node/v7.4.0/lib/node_modules/npm/bin/node-gyp-bin:/Library/WebServer/Documents/projekty/scrum/node_modules/.bin:/Users/adamwasilewski/.nvm/versions/node/v7.4.0/bin:/usr/local/bin:/usr/bin:/bin:/usr/sbin:/sbin:/usr/local/sbin:/usr/local/git/bin:/Users/adamwasilewski/bin:/usr/local/mysql/bin:/Library/Frameworks/Python.framework/Versions/3.5/bin:/usr/local/bin:/usr/bin:/bin:/usr/sbin:/sbin:/usr/local/git/bin:/Users/adamwasilewski/.yarn/bin:/Users/adamwasilewski/n/bin
10 verbose lifecycle scrum@1.0.0~watch: CWD: /Library/WebServer/Documents/projekty/scrum
11 silly lifecycle scrum@1.0.0~watch: Args: [ '-c', './node_modules/webpack/.bin/webpack --watch' ]
12 info lifecycle scrum@1.0.0~watch: Failed to exec watch script
13 verbose stack Error: scrum@1.0.0 watch: `./node_modules/webpack/.bin/webpack --watch`
13 verbose stack spawn ENOENT
13 verbose stack     at ChildProcess.<anonymous> (/Users/adamwasilewski/.nvm/versions/node/v7.4.0/lib/node_modules/npm/lib/utils/spawn.js:33:16)
13 verbose stack     at emitTwo (events.js:106:13)
13 verbose stack     at ChildProcess.emit (events.js:191:7)
13 verbose stack     at maybeClose (internal/child_process.js:885:16)
13 verbose stack     at Process.ChildProcess._handle.onexit (internal/child_process.js:226:5)
14 verbose pkgid scrum@1.0.0
15 verbose cwd /Library/WebServer/Documents/projekty/scrum
16 error Darwin 16.3.0
17 error argv "/Users/adamwasilewski/.nvm/versions/node/v7.4.0/bin/node" "/Users/adamwasilewski/.nvm/versions/node/v7.4.0/bin/npm" "run" "watch"
18 error node v7.4.0
19 error npm  v4.0.5
20 error file sh
21 error code ELIFECYCLE
22 error errno ENOENT
23 error syscall spawn
24 error scrum@1.0.0 watch: `./node_modules/webpack/.bin/webpack --watch`
24 error spawn ENOENT
25 error Failed at the scrum@1.0.0 watch script './node_modules/webpack/.bin/webpack --watch'.
25 error Make sure you have the latest version of node.js and npm installed.
25 error If you do, this is most likely a problem with the scrum package,
25 error not with npm itself.
25 error Tell the author that this fails on your system:
25 error     ./node_modules/webpack/.bin/webpack --watch
25 error You can get information on how to open an issue for this project with:
25 error     npm bugs scrum
25 error Or if that isn't available, you can get their info via:
25 error     npm owner ls scrum
25 error There is likely additional logging output above.
26 verbose exit [ 1, true ]
